Debug: Platform: Linux,4.9.93-boot2docker,x86_64,-jnone,-smalloc,-smalloc,-hcritbit

Debug: Child (193) Started
Info: Child (193) said Child starts
Error: Child (193) died signal=11
Error: Child (193) Last panic at: Tue, 30 Apr 2019 07:07:45 GMT
"Wrong turn at cache/cache_session.c:551:
Clock step detected
thread = (cache-worker)
version = varnish-4.1.10 revision 1d090c5a08f41c36562644bafcce9d3cb85d824f
ident = Linux,4.9.93-boot2docker,x86_64,-jnone,-smalloc,-smalloc,-hcritbit,epoll
now = 2947.065643 (mono), 1556608064.493711 (real)
Backtrace:
  0x55b0ffac5b0d: varnishd(+0x47b0d) [0x55b0ffac5b0d]
  0x55b0ffac5f86: varnishd(+0x47f86) [0x55b0ffac5f86]
  0x55b0ffad06e1: varnishd(SES_Delete+0x1e2) [0x55b0ffad06e1]
  0x55b0ffac7d25: varnishd(Req_Cleanup+0x468) [0x55b0ffac7d25]
  0x55b0ffaeda0d: varnishd(HTTP1_Session+0x7fd) [0x55b0ffaeda0d]
  0x55b0ffacf7eb: varnishd(SES_Proto_Req+0x14c) [0x55b0ffacf7eb]
  0x55b0ffae5bac: varnishd(+0x67bac) [0x55b0ffae5bac]
  0x55b0ffae45c4: varnishd(+0x665c4) [0x55b0ffae45c4]
  0x55b0ffae5cf4: varnishd(+0x67cf4) [0x55b0ffae5cf4]
  0x7fb07f86b494: libpthread.so.0(+0x7494) [0x7fb07f86b494]
req = 0x7fb070076020 {
  MAGIC 0x00000000 (Should:REQ_MAGIC/0x2751aaa1)
  vxid = 0, step = R_STP_RESTART,
  req_body = R_BODY_INIT,
  restarts = 0, esi_level = 0,
  ws = 0x7fb070076200 {
    MAGIC 0x00000000 (Should:WS_MAGIC/0x35fac554)
    id = \"\",
    {s,f,r,e} = {(nil),(nil),(nil),(nil)},
  },
  http[req] = (nil) {
"
Debug: Child cleanup complete
Debug: Child (2033) Started
Info: Child (2033) said Child starts
