Debug: Platform: Linux,4.9.93-boot2docker,x86_64,-jnone,-smalloc,-smalloc,-hcritbit

Debug: Child (188) Started
Info: Child (188) said Child starts
Error: Child (188) died signal=11
Error: Child (188) Last panic at: Sun, 05 May 2019 16:06:02 GMT
"Wrong turn at cache/cache_session.c:551:
Clock step detected
thread = (cache-worker)
version = varnish-4.1.10 revision 1d090c5a08f41c36562644bafcce9d3cb85d824f
ident = Linux,4.9.93-boot2docker,x86_64,-jnone,-smalloc,-smalloc,-hcritbit,epoll
now = 3085.969768 (mono), 1557072361.683107 (real)
Backtrace:
  0x55612e74eb0d: varnishd(+0x47b0d) [0x55612e74eb0d]
  0x55612e74ef86: varnishd(+0x47f86) [0x55612e74ef86]
  0x55612e7596e1: varnishd(SES_Delete+0x1e2) [0x55612e7596e1]
  0x55612e750d25: varnishd(Req_Cleanup+0x468) [0x55612e750d25]
  0x55612e776a0d: varnishd(HTTP1_Session+0x7fd) [0x55612e776a0d]
  0x55612e7587eb: varnishd(SES_Proto_Req+0x14c) [0x55612e7587eb]
  0x55612e76ebac: varnishd(+0x67bac) [0x55612e76ebac]
  0x55612e76d5c4: varnishd(+0x665c4) [0x55612e76d5c4]
  0x55612e76ecf4: varnishd(+0x67cf4) [0x55612e76ecf4]
  0x7ff5daccb494: libpthread.so.0(+0x7494) [0x7ff5daccb494]
req = 0x7ff5cb82b020 {
  MAGIC 0x00000000 (Should:REQ_MAGIC/0x2751aaa1)
  vxid = 0, step = R_STP_RESTART,
  req_body = R_BODY_INIT,
  restarts = 0, esi_level = 0,
  ws = 0x7ff5cb82b200 {
    MAGIC 0x00000000 (Should:WS_MAGIC/0x35fac554)
    id = \"\",
    {s,f,r,e} = {(nil),(nil),(nil),(nil)},
  },
  http[req] = (nil) {
"
Debug: Child cleanup complete
Debug: Child (2756) Started
Info: Child (2756) said Child starts
