Debug: Platform: Linux,4.9.93-boot2docker,x86_64,-jnone,-smalloc,-smalloc,-hcritbit

Debug: Child (215) Started
Info: Child (215) said Child starts
Error: Child (215) died signal=11
Error: Child (215) Last panic at: Fri, 26 Apr 2019 13:03:00 GMT
"Wrong turn at cache/cache_session.c:551:
Clock step detected
thread = (cache-worker)
version = varnish-4.1.10 revision 1d090c5a08f41c36562644bafcce9d3cb85d824f
ident = Linux,4.9.93-boot2docker,x86_64,-jnone,-smalloc,-smalloc,-hcritbit,epoll
now = 16752.267097 (mono), 1556283779.670858 (real)
Backtrace:
  0x564814fe8b0d: varnishd(+0x47b0d) [0x564814fe8b0d]
  0x564814fe8f86: varnishd(+0x47f86) [0x564814fe8f86]
  0x564814ff36e1: varnishd(SES_Delete+0x1e2) [0x564814ff36e1]
  0x564814fead25: varnishd(Req_Cleanup+0x468) [0x564814fead25]
  0x564815010a0d: varnishd(HTTP1_Session+0x7fd) [0x564815010a0d]
  0x564814ff27eb: varnishd(SES_Proto_Req+0x14c) [0x564814ff27eb]
  0x564815008bac: varnishd(+0x67bac) [0x564815008bac]
  0x5648150075c4: varnishd(+0x665c4) [0x5648150075c4]
  0x564815008cf4: varnishd(+0x67cf4) [0x564815008cf4]
  0x7fdc00e18494: libpthread.so.0(+0x7494) [0x7fdc00e18494]
req = 0x7fdbf1816020 {
  MAGIC 0x00000000 (Should:REQ_MAGIC/0x2751aaa1)
  vxid = 0, step = R_STP_RESTART,
  req_body = R_BODY_INIT,
  restarts = 0, esi_level = 0,
  ws = 0x7fdbf1816200 {
    MAGIC 0x00000000 (Should:WS_MAGIC/0x35fac554)
    id = \"\",
    {s,f,r,e} = {(nil),(nil),(nil),(nil)},
  },
  http[req] = (nil) {
"
Debug: Child cleanup complete
Debug: Child (7736) Started
Info: Child (7736) said Child starts
Error: Manager got SIGINT
Debug: Stopping Child
Info: Child (7736) ended
Info: Child (7736) said Child dies
Debug: Child cleanup complete
