Debug: Platform: Linux,4.9.93-boot2docker,x86_64,-jnone,-smalloc,-smalloc,-hcritbit

Debug: Child (184) Started
Info: Child (184) said Child starts
Error: Child (184) died signal=11
Error: Child (184) Last panic at: Wed, 08 May 2019 12:58:04 GMT
"Wrong turn at cache/cache_session.c:551:
Clock step detected
thread = (cache-worker)
version = varnish-4.1.10 revision 1d090c5a08f41c36562644bafcce9d3cb85d824f
ident = Linux,4.9.93-boot2docker,x86_64,-jnone,-smalloc,-smalloc,-hcritbit,epoll
now = 7979.430841 (mono), 1557320283.311527 (real)
Backtrace:
  0x5623bd054b0d: varnishd(+0x47b0d) [0x5623bd054b0d]
  0x5623bd054f86: varnishd(+0x47f86) [0x5623bd054f86]
  0x5623bd05f6e1: varnishd(SES_Delete+0x1e2) [0x5623bd05f6e1]
  0x5623bd056d25: varnishd(Req_Cleanup+0x468) [0x5623bd056d25]
  0x5623bd07ca0d: varnishd(HTTP1_Session+0x7fd) [0x5623bd07ca0d]
  0x5623bd05e7eb: varnishd(SES_Proto_Req+0x14c) [0x5623bd05e7eb]
  0x5623bd074bac: varnishd(+0x67bac) [0x5623bd074bac]
  0x5623bd0735c4: varnishd(+0x665c4) [0x5623bd0735c4]
  0x5623bd074cf4: varnishd(+0x67cf4) [0x5623bd074cf4]
  0x7fd4a6c4f494: libpthread.so.0(+0x7494) [0x7fd4a6c4f494]
req = 0x7fd497536020 {
  MAGIC 0x00000000 (Should:REQ_MAGIC/0x2751aaa1)
  vxid = 0, step = R_STP_RESTART,
  req_body = R_BODY_INIT,
  restarts = 0, esi_level = 0,
  ws = 0x7fd497536200 {
    MAGIC 0x00000000 (Should:WS_MAGIC/0x35fac554)
    id = \"\",
    {s,f,r,e} = {(nil),(nil),(nil),(nil)},
  },
  http[req] = (nil) {
"
Debug: Child cleanup complete
Debug: Child (6495) Started
Info: Child (6495) said Child starts
