[15-Feb-2019 14:45:41] NOTICE: fpm is running, pid 16
[15-Feb-2019 14:45:41] NOTICE: ready to handle connections
[15-Feb-2019 16:15:28] NOTICE: Terminating ...
[15-Feb-2019 16:15:28] NOTICE: exiting, bye-bye!
[16-Feb-2019 05:43:28] NOTICE: fpm is running, pid 14
[16-Feb-2019 05:43:29] NOTICE: ready to handle connections
[16-Feb-2019 13:13:10] WARNING: [pool www] server reached pm.max_children setting (5), consider raising it
[16-Feb-2019 16:36:18] NOTICE: Terminating ...
[16-Feb-2019 16:36:18] NOTICE: exiting, bye-bye!
[17-Feb-2019 11:49:59] NOTICE: fpm is running, pid 79
[17-Feb-2019 11:49:59] NOTICE: ready to handle connections
[17-Feb-2019 14:40:15] NOTICE: fpm is running, pid 82
[17-Feb-2019 14:40:15] NOTICE: ready to handle connections
[17-Feb-2019 15:01:51] NOTICE: Terminating ...
[17-Feb-2019 15:01:51] NOTICE: exiting, bye-bye!
[17-Feb-2019 15:02:24] NOTICE: fpm is running, pid 58
[17-Feb-2019 15:02:24] NOTICE: ready to handle connections
[17-Feb-2019 15:10:35] NOTICE: Terminating ...
[17-Feb-2019 15:10:35] NOTICE: exiting, bye-bye!
[17-Feb-2019 15:17:23] NOTICE: fpm is running, pid 49
[17-Feb-2019 15:17:23] NOTICE: ready to handle connections
[17-Feb-2019 18:00:48] NOTICE: Terminating ...
[17-Feb-2019 18:00:48] NOTICE: exiting, bye-bye!
[18-Feb-2019 06:57:31] NOTICE: fpm is running, pid 60
[18-Feb-2019 06:57:31] NOTICE: ready to handle connections
[18-Feb-2019 12:34:30] WARNING: [pool www] server reached pm.max_children setting (5), consider raising it
[18-Feb-2019 15:12:03] NOTICE: Terminating ...
[18-Feb-2019 15:12:03] NOTICE: exiting, bye-bye!
[18-Feb-2019 18:04:55] NOTICE: fpm is running, pid 70
[18-Feb-2019 18:04:55] NOTICE: ready to handle connections
[18-Feb-2019 18:25:33] NOTICE: Terminating ...
[18-Feb-2019 18:25:33] NOTICE: exiting, bye-bye!
[19-Feb-2019 14:28:27] NOTICE: fpm is running, pid 59
[19-Feb-2019 14:28:27] NOTICE: ready to handle connections
[20-Feb-2019 12:26:38] NOTICE: fpm is running, pid 45
[20-Feb-2019 12:26:38] NOTICE: ready to handle connections
[20-Feb-2019 13:37:21] NOTICE: Terminating ...
[20-Feb-2019 13:37:21] NOTICE: exiting, bye-bye!
[21-Feb-2019 06:21:25] NOTICE: fpm is running, pid 45
[21-Feb-2019 06:21:25] NOTICE: ready to handle connections
[21-Feb-2019 06:29:19] NOTICE: Terminating ...
[21-Feb-2019 06:29:19] NOTICE: exiting, bye-bye!
[21-Feb-2019 06:31:37] NOTICE: fpm is running, pid 64
[21-Feb-2019 06:31:37] NOTICE: ready to handle connections
[21-Feb-2019 07:55:55] NOTICE: Terminating ...
[21-Feb-2019 07:55:55] NOTICE: exiting, bye-bye!
[21-Feb-2019 08:00:11] NOTICE: fpm is running, pid 73
[21-Feb-2019 08:00:11] NOTICE: ready to handle connections
[21-Feb-2019 08:10:06] NOTICE: Terminating ...
[21-Feb-2019 08:10:06] NOTICE: exiting, bye-bye!
[21-Feb-2019 12:06:51] NOTICE: fpm is running, pid 66
[21-Feb-2019 12:06:51] NOTICE: ready to handle connections
[28-Feb-2019 14:42:37] NOTICE: fpm is running, pid 86
[28-Feb-2019 14:42:37] NOTICE: ready to handle connections
[02-Mar-2019 11:52:01] NOTICE: Terminating ...
[02-Mar-2019 11:52:02] NOTICE: exiting, bye-bye!
[02-Mar-2019 11:57:32] NOTICE: fpm is running, pid 53
[02-Mar-2019 11:57:33] NOTICE: ready to handle connections
[02-Mar-2019 12:50:39] NOTICE: fpm is running, pid 70
[02-Mar-2019 12:50:40] NOTICE: ready to handle connections
