2019-02-15T14:45:43.455537Z 0 [Warning] TIMESTAMP with implicit DEFAULT value is deprecated. Please use --explicit_defaults_for_timestamp server option (see documentation for more details).
2019-02-15T14:45:43.456391Z 0 [Note] /usr/sbin/mysqld (mysqld 5.7.23) starting as process 29 ...
2019-02-15T14:45:43.490557Z 0 [Note] InnoDB: PUNCH HOLE support available
2019-02-15T14:45:43.491030Z 0 [Note] InnoDB: Mutexes and rw_locks use GCC atomic builtins
2019-02-15T14:45:43.491300Z 0 [Note] InnoDB: Uses event mutexes
2019-02-15T14:45:43.491544Z 0 [Note] InnoDB: GCC builtin __atomic_thread_fence() is used for memory barrier
2019-02-15T14:45:43.493895Z 0 [Note] InnoDB: Compressed tables use zlib 1.2.3
2019-02-15T14:45:43.494171Z 0 [Note] InnoDB: Using Linux native AIO
2019-02-15T14:45:43.505603Z 0 [Note] InnoDB: Number of pools: 1
2019-02-15T14:45:43.506254Z 0 [Note] InnoDB: Using CPU crc32 instructions
2019-02-15T14:45:43.526319Z 0 [Note] InnoDB: Initializing buffer pool, total size = 32M, instances = 1, chunk size = 32M
2019-02-15T14:45:43.550370Z 0 [Note] InnoDB: Completed initialization of buffer pool
2019-02-15T14:45:43.564202Z 0 [Note] InnoDB: If the mysqld execution user is authorized, page cleaner thread priority can be changed. See the man page of setpriority().
2019-02-15T14:45:43.825565Z 0 [Note] InnoDB: Highest supported file format is Barracuda.
2019-02-15T14:45:43.858135Z 0 [Note] InnoDB: Log scan progressed past the checkpoint lsn 2588963
2019-02-15T14:45:43.858617Z 0 [Note] InnoDB: Doing recovery: scanned up to log sequence number 2591784
2019-02-15T14:45:43.890048Z 0 [Note] InnoDB: Database was not shutdown normally!
2019-02-15T14:45:43.890436Z 0 [Note] InnoDB: Starting crash recovery.
2019-02-15T14:45:46.492213Z 0 [Note] InnoDB: Starting an apply batch of log records to the database...
InnoDB: Progress in percent: 16 17 18 19 20 21 22 23 24 25 26 27 28 29 30 31 32 33 34 35 36 37 38 39 40 41 42 43 44 45 46 47 48 49 50 51 52 53 54 55 56 57 58 59 60 61 62 63 64 65 66 67 68 69 70 71 72 73 74 75 76 77 78 79 80 81 82 83 84 85 86 87 88 89 90 91 92 93 94 95 96 97 98 99 
2019-02-15T14:45:46.588311Z 0 [Note] InnoDB: Apply batch completed
2019-02-15T14:45:46.936329Z 0 [Note] InnoDB: Removed temporary tablespace data file: "ibtmp1"
2019-02-15T14:45:46.936660Z 0 [Note] InnoDB: Creating shared tablespace for temporary tables
2019-02-15T14:45:46.937067Z 0 [Note] InnoDB: Setting file './ibtmp1' size to 12 MB. Physically writing the file full; Please wait ...
2019-02-15T14:45:48.335083Z 0 [Note] InnoDB: File './ibtmp1' size is now 12 MB.
2019-02-15T14:45:48.337350Z 0 [Note] InnoDB: 96 redo rollback segment(s) found. 96 redo rollback segment(s) are active.
2019-02-15T14:45:48.337764Z 0 [Note] InnoDB: 32 non-redo rollback segment(s) are active.
2019-02-15T14:45:48.349045Z 0 [Note] InnoDB: Waiting for purge to start
2019-02-15T14:45:48.404393Z 0 [Note] InnoDB: 5.7.23 started; log sequence number 2591784
2019-02-15T14:45:48.416756Z 0 [Note] InnoDB: page_cleaner: 1000ms intended loop took 4852ms. The settings might not be optimal. (flushed=0 and evicted=0, during the time.)
2019-02-15T14:45:48.421116Z 0 [Note] InnoDB: Loading buffer pool(s) from /var/lib/mysql/ib_buffer_pool
2019-02-15T14:45:48.448995Z 0 [Note] Plugin 'FEDERATED' is disabled.
2019-02-15T14:45:48.453143Z 0 [Warning] Failed to set up SSL because of the following SSL library error: SSL context is not usable without certificate and private key
2019-02-15T14:45:48.453492Z 0 [Note] Server hostname (bind-address): '*'; port: 3306
2019-02-15T14:45:48.453796Z 0 [Note] IPv6 is available.
2019-02-15T14:45:48.454079Z 0 [Note]   - '::' resolves to '::';
2019-02-15T14:45:48.454372Z 0 [Note] Server socket created on IP: '::'.
2019-02-15T14:45:48.892413Z 0 [Warning] Insecure configuration for --pid-file: Location '/var/run/mysqld' in the path is accessible to all OS users. Consider choosing a different directory.
2019-02-15T14:45:49.135137Z 0 [Note] InnoDB: Buffer pool(s) load completed at 190215 14:45:49
2019-02-15T14:45:49.856914Z 0 [ERROR] /usr/sbin/mysqld: Table './mysql/user' is marked as crashed and should be repaired
2019-02-15T14:45:49.867477Z 0 [Warning] Checking table:   './mysql/user'
2019-02-15T14:45:49.867799Z 0 [ERROR] 1 client is using or hasn't closed the table properly
2019-02-15T14:45:51.319307Z 0 [Warning] 'user' entry 'root@localhost' ignored in --skip-name-resolve mode.
2019-02-15T14:45:51.322694Z 0 [Warning] 'user' entry 'mysql.session@localhost' ignored in --skip-name-resolve mode.
2019-02-15T14:45:51.322980Z 0 [Warning] 'user' entry 'mysql.sys@localhost' ignored in --skip-name-resolve mode.
2019-02-15T14:45:51.323549Z 0 [Warning] 'db' entry 'performance_schema mysql.session@localhost' ignored in --skip-name-resolve mode.
2019-02-15T14:45:51.334866Z 0 [Warning] 'db' entry 'sys mysql.sys@localhost' ignored in --skip-name-resolve mode.
2019-02-15T14:45:51.337465Z 0 [Warning] 'proxies_priv' entry '@ root@localhost' ignored in --skip-name-resolve mode.
2019-02-15T14:45:51.487796Z 0 [Warning] 'tables_priv' entry 'user mysql.session@localhost' ignored in --skip-name-resolve mode.
2019-02-15T14:45:51.488258Z 0 [Warning] 'tables_priv' entry 'sys_config mysql.sys@localhost' ignored in --skip-name-resolve mode.
2019-02-15T14:45:51.586938Z 0 [Note] Event Scheduler: Loaded 0 events
2019-02-15T14:45:51.682768Z 0 [Note] /usr/sbin/mysqld: ready for connections.
Version: '5.7.23'  socket: '/var/run/mysqld/mysqld.sock'  port: 3306  MySQL Community Server (GPL)
2019-02-15T14:47:15.488014Z 4 [ERROR] /usr/sbin/mysqld: Table './mysql/proc' is marked as crashed and should be repaired
2019-02-15T14:47:15.490672Z 4 [Warning] Checking table:   './mysql/proc'
2019-02-15T14:47:15.616433Z 6 [Warning] 'user' entry 'root@localhost' ignored in --skip-name-resolve mode.
2019-02-15T14:47:15.622363Z 6 [Warning] 'user' entry 'mysql.session@localhost' ignored in --skip-name-resolve mode.
2019-02-15T14:47:15.622672Z 6 [Warning] 'user' entry 'mysql.sys@localhost' ignored in --skip-name-resolve mode.
2019-02-15T14:47:15.622977Z 6 [Warning] 'db' entry 'performance_schema mysql.session@localhost' ignored in --skip-name-resolve mode.
2019-02-15T14:47:15.623232Z 6 [Warning] 'db' entry 'sys mysql.sys@localhost' ignored in --skip-name-resolve mode.
2019-02-15T14:47:15.623899Z 6 [Warning] 'proxies_priv' entry '@ root@localhost' ignored in --skip-name-resolve mode.
2019-02-15T14:47:15.625294Z 6 [Warning] 'tables_priv' entry 'user mysql.session@localhost' ignored in --skip-name-resolve mode.
2019-02-15T14:47:15.625672Z 6 [Warning] 'tables_priv' entry 'sys_config mysql.sys@localhost' ignored in --skip-name-resolve mode.
2019-02-15T16:15:27.625950Z 0 [Note] Giving 0 client threads a chance to die gracefully
2019-02-15T16:15:27.626524Z 0 [Note] Shutting down slave threads
2019-02-15T16:15:27.627663Z 0 [Note] Forcefully disconnecting 0 remaining clients
2019-02-15T16:15:27.628635Z 0 [Note] Event Scheduler: Purging the queue. 0 events
2019-02-15T16:15:27.629737Z 0 [Note] Binlog end
2019-02-15T16:15:27.634889Z 0 [Note] Shutting down plugin 'ngram'
2019-02-15T16:15:27.635448Z 0 [Note] Shutting down plugin 'partition'
2019-02-15T16:15:27.635641Z 0 [Note] Shutting down plugin 'BLACKHOLE'
2019-02-15T16:15:27.635806Z 0 [Note] Shutting down plugin 'ARCHIVE'
2019-02-15T16:15:27.635968Z 0 [Note] Shutting down plugin 'PERFORMANCE_SCHEMA'
2019-02-15T16:15:27.636173Z 0 [Note] Shutting down plugin 'MRG_MYISAM'
2019-02-15T16:15:27.636573Z 0 [Note] Shutting down plugin 'MyISAM'
2019-02-15T16:15:27.636787Z 0 [Note] Shutting down plugin 'INNODB_SYS_VIRTUAL'
2019-02-15T16:15:27.636962Z 0 [Note] Shutting down plugin 'INNODB_SYS_DATAFILES'
2019-02-15T16:15:27.637196Z 0 [Note] Shutting down plugin 'INNODB_SYS_TABLESPACES'
2019-02-15T16:15:27.638404Z 0 [Note] Shutting down plugin 'INNODB_SYS_FOREIGN_COLS'
2019-02-15T16:15:27.639359Z 0 [Note] Shutting down plugin 'INNODB_SYS_FOREIGN'
2019-02-15T16:15:27.640301Z 0 [Note] Shutting down plugin 'INNODB_SYS_FIELDS'
2019-02-15T16:15:27.641292Z 0 [Note] Shutting down plugin 'INNODB_SYS_COLUMNS'
2019-02-15T16:15:27.641550Z 0 [Note] Shutting down plugin 'INNODB_SYS_INDEXES'
2019-02-15T16:15:27.641721Z 0 [Note] Shutting down plugin 'INNODB_SYS_TABLESTATS'
2019-02-15T16:15:27.701394Z 0 [Note] Shutting down plugin 'INNODB_SYS_TABLES'
2019-02-15T16:15:27.702251Z 0 [Note] Shutting down plugin 'INNODB_FT_INDEX_TABLE'
2019-02-15T16:15:27.702577Z 0 [Note] Shutting down plugin 'INNODB_FT_INDEX_CACHE'
2019-02-15T16:15:27.702810Z 0 [Note] Shutting down plugin 'INNODB_FT_CONFIG'
2019-02-15T16:15:27.703906Z 0 [Note] Shutting down plugin 'INNODB_FT_BEING_DELETED'
2019-02-15T16:15:27.704598Z 0 [Note] Shutting down plugin 'INNODB_FT_DELETED'
2019-02-15T16:15:27.705678Z 0 [Note] Shutting down plugin 'INNODB_FT_DEFAULT_STOPWORD'
2019-02-15T16:15:27.706628Z 0 [Note] Shutting down plugin 'INNODB_METRICS'
2019-02-15T16:15:27.707842Z 0 [Note] Shutting down plugin 'INNODB_TEMP_TABLE_INFO'
2019-02-15T16:15:27.708565Z 0 [Note] Shutting down plugin 'INNODB_BUFFER_POOL_STATS'
2019-02-15T16:15:27.709578Z 0 [Note] Shutting down plugin 'INNODB_BUFFER_PAGE_LRU'
2019-02-15T16:15:27.710613Z 0 [Note] Shutting down plugin 'INNODB_BUFFER_PAGE'
2019-02-15T16:15:27.711247Z 0 [Note] Shutting down plugin 'INNODB_CMP_PER_INDEX_RESET'
2019-02-15T16:15:27.712182Z 0 [Note] Shutting down plugin 'INNODB_CMP_PER_INDEX'
2019-02-15T16:15:27.712437Z 0 [Note] Shutting down plugin 'INNODB_CMPMEM_RESET'
2019-02-15T16:15:27.712645Z 0 [Note] Shutting down plugin 'INNODB_CMPMEM'
2019-02-15T16:15:27.712799Z 0 [Note] Shutting down plugin 'INNODB_CMP_RESET'
2019-02-15T16:15:27.712952Z 0 [Note] Shutting down plugin 'INNODB_CMP'
2019-02-15T16:15:27.713111Z 0 [Note] Shutting down plugin 'INNODB_LOCK_WAITS'
2019-02-15T16:15:27.713278Z 0 [Note] Shutting down plugin 'INNODB_LOCKS'
2019-02-15T16:15:27.713430Z 0 [Note] Shutting down plugin 'INNODB_TRX'
2019-02-15T16:15:27.713574Z 0 [Note] Shutting down plugin 'InnoDB'
2019-02-15T16:15:27.713942Z 0 [Note] InnoDB: FTS optimize thread exiting.
2019-02-15T16:15:27.714592Z 0 [Note] InnoDB: Starting shutdown...
2019-02-15T16:15:27.847035Z 0 [Note] InnoDB: Dumping buffer pool(s) to /var/lib/mysql/ib_buffer_pool
2019-02-15T16:15:27.858483Z 0 [Note] InnoDB: Buffer pool(s) dump completed at 190215 16:15:27
2019-02-15T16:15:29.715440Z 0 [Note] InnoDB: Shutdown completed; log sequence number 3475380
2019-02-15T16:15:29.716507Z 0 [Note] InnoDB: Removed temporary tablespace data file: "ibtmp1"
2019-02-15T16:15:29.716933Z 0 [Note] Shutting down plugin 'MEMORY'
2019-02-15T16:15:29.717210Z 0 [Note] Shutting down plugin 'CSV'
2019-02-15T16:15:29.717475Z 0 [Note] Shutting down plugin 'sha256_password'
2019-02-15T16:15:29.717669Z 0 [Note] Shutting down plugin 'mysql_native_password'
2019-02-15T16:15:29.718035Z 0 [Note] Shutting down plugin 'binlog'
2019-02-15T16:15:29.719584Z 0 [Note] /usr/sbin/mysqld: Shutdown complete

2019-02-16T05:43:38.478389Z 0 [Warning] TIMESTAMP with implicit DEFAULT value is deprecated. Please use --explicit_defaults_for_timestamp server option (see documentation for more details).
2019-02-16T05:43:38.577990Z 0 [Note] /usr/sbin/mysqld (mysqld 5.7.23) starting as process 51 ...
2019-02-16T05:43:39.267556Z 0 [Note] InnoDB: PUNCH HOLE support available
2019-02-16T05:43:39.268088Z 0 [Note] InnoDB: Mutexes and rw_locks use GCC atomic builtins
2019-02-16T05:43:39.269141Z 0 [Note] InnoDB: Uses event mutexes
2019-02-16T05:43:39.269430Z 0 [Note] InnoDB: GCC builtin __atomic_thread_fence() is used for memory barrier
2019-02-16T05:43:39.269750Z 0 [Note] InnoDB: Compressed tables use zlib 1.2.3
2019-02-16T05:43:39.282668Z 0 [Note] InnoDB: Using Linux native AIO
2019-02-16T05:43:39.313389Z 0 [Note] InnoDB: Number of pools: 1
2019-02-16T05:43:39.365788Z 0 [Note] InnoDB: Using CPU crc32 instructions
2019-02-16T05:43:39.416279Z 0 [Note] InnoDB: Initializing buffer pool, total size = 32M, instances = 1, chunk size = 32M
2019-02-16T05:43:39.483970Z 0 [Note] InnoDB: Completed initialization of buffer pool
2019-02-16T05:43:39.533237Z 0 [Note] InnoDB: If the mysqld execution user is authorized, page cleaner thread priority can be changed. See the man page of setpriority().
2019-02-16T05:43:39.643331Z 0 [Note] InnoDB: Highest supported file format is Barracuda.
2019-02-16T05:43:40.256023Z 0 [Note] InnoDB: Creating shared tablespace for temporary tables
2019-02-16T05:43:40.256749Z 0 [Note] InnoDB: Setting file './ibtmp1' size to 12 MB. Physically writing the file full; Please wait ...
2019-02-16T05:43:40.732856Z 0 [Note] InnoDB: File './ibtmp1' size is now 12 MB.
2019-02-16T05:43:40.774644Z 0 [Note] InnoDB: 96 redo rollback segment(s) found. 96 redo rollback segment(s) are active.
2019-02-16T05:43:40.779198Z 0 [Note] InnoDB: 32 non-redo rollback segment(s) are active.
2019-02-16T05:43:40.792163Z 0 [Note] InnoDB: Waiting for purge to start
2019-02-16T05:43:40.871999Z 0 [Note] InnoDB: 5.7.23 started; log sequence number 3475380
2019-02-16T05:43:40.909041Z 0 [Note] InnoDB: Loading buffer pool(s) from /var/lib/mysql/ib_buffer_pool
2019-02-16T05:43:40.913054Z 0 [Note] Plugin 'FEDERATED' is disabled.
2019-02-16T05:43:41.130967Z 0 [Note] InnoDB: Buffer pool(s) load completed at 190216  5:43:41
2019-02-16T05:43:41.172667Z 0 [Warning] Failed to set up SSL because of the following SSL library error: SSL context is not usable without certificate and private key
2019-02-16T05:43:41.172951Z 0 [Note] Server hostname (bind-address): '*'; port: 3306
2019-02-16T05:43:41.184763Z 0 [Note] IPv6 is available.
2019-02-16T05:43:41.186252Z 0 [Note]   - '::' resolves to '::';
2019-02-16T05:43:41.186613Z 0 [Note] Server socket created on IP: '::'.
2019-02-16T05:43:41.201367Z 0 [Warning] Insecure configuration for --pid-file: Location '/var/run/mysqld' in the path is accessible to all OS users. Consider choosing a different directory.
2019-02-16T05:43:41.367452Z 0 [Warning] 'user' entry 'root@localhost' ignored in --skip-name-resolve mode.
2019-02-16T05:43:41.368167Z 0 [Warning] 'user' entry 'mysql.session@localhost' ignored in --skip-name-resolve mode.
2019-02-16T05:43:41.369085Z 0 [Warning] 'user' entry 'mysql.sys@localhost' ignored in --skip-name-resolve mode.
2019-02-16T05:43:41.389200Z 0 [Warning] 'db' entry 'performance_schema mysql.session@localhost' ignored in --skip-name-resolve mode.
2019-02-16T05:43:41.389949Z 0 [Warning] 'db' entry 'sys mysql.sys@localhost' ignored in --skip-name-resolve mode.
2019-02-16T05:43:41.392205Z 0 [Warning] 'proxies_priv' entry '@ root@localhost' ignored in --skip-name-resolve mode.
2019-02-16T05:43:41.503060Z 0 [Warning] 'tables_priv' entry 'user mysql.session@localhost' ignored in --skip-name-resolve mode.
2019-02-16T05:43:41.503452Z 0 [Warning] 'tables_priv' entry 'sys_config mysql.sys@localhost' ignored in --skip-name-resolve mode.
2019-02-16T05:43:41.892384Z 0 [Note] Event Scheduler: Loaded 0 events
2019-02-16T05:43:41.910536Z 0 [Note] /usr/sbin/mysqld: ready for connections.
Version: '5.7.23'  socket: '/var/run/mysqld/mysqld.sock'  port: 3306  MySQL Community Server (GPL)
2019-02-16T11:38:16.743342Z 0 [Note] InnoDB: page_cleaner: 1000ms intended loop took 17023802ms. The settings might not be optimal. (flushed=0 and evicted=0, during the time.)
2019-02-16T12:26:51.005769Z 0 [Note] InnoDB: page_cleaner: 1000ms intended loop took 1957093ms. The settings might not be optimal. (flushed=0 and evicted=0, during the time.)
2019-02-16T14:47:11.519793Z 0 [Note] InnoDB: page_cleaner: 1000ms intended loop took 3867964ms. The settings might not be optimal. (flushed=0 and evicted=0, during the time.)
2019-02-16T16:36:14.284238Z 0 [Note] Giving 3 client threads a chance to die gracefully
2019-02-16T16:36:14.336639Z 0 [Note] Shutting down slave threads
2019-02-16T16:36:16.337352Z 0 [Note] Forcefully disconnecting 3 remaining clients
2019-02-16T16:36:16.337653Z 0 [Warning] /usr/sbin/mysqld: Forcing close of thread 901  user: 'root'

2019-02-16T16:36:16.337952Z 0 [Warning] /usr/sbin/mysqld: Forcing close of thread 912  user: 'root'

2019-02-16T16:36:16.338181Z 0 [Warning] /usr/sbin/mysqld: Forcing close of thread 903  user: 'root'

2019-02-16T16:36:16.340635Z 0 [Note] Event Scheduler: Purging the queue. 0 events
2019-02-16T16:36:16.341504Z 0 [Note] Binlog end
2019-02-16T16:36:16.349482Z 0 [Note] Shutting down plugin 'ngram'
2019-02-16T16:36:16.350182Z 0 [Note] Shutting down plugin 'partition'
2019-02-16T16:36:16.374085Z 0 [Note] Shutting down plugin 'BLACKHOLE'
2019-02-16T16:36:16.382859Z 0 [Note] Shutting down plugin 'ARCHIVE'
2019-02-16T16:36:16.383219Z 0 [Note] Shutting down plugin 'PERFORMANCE_SCHEMA'
2019-02-16T16:36:16.387420Z 0 [Note] Shutting down plugin 'MRG_MYISAM'
2019-02-16T16:36:16.387692Z 0 [Note] Shutting down plugin 'MyISAM'
2019-02-16T16:36:16.387998Z 0 [Note] Shutting down plugin 'INNODB_SYS_VIRTUAL'
2019-02-16T16:36:16.388193Z 0 [Note] Shutting down plugin 'INNODB_SYS_DATAFILES'
2019-02-16T16:36:16.388328Z 0 [Note] Shutting down plugin 'INNODB_SYS_TABLESPACES'
2019-02-16T16:36:16.388460Z 0 [Note] Shutting down plugin 'INNODB_SYS_FOREIGN_COLS'
2019-02-16T16:36:16.388593Z 0 [Note] Shutting down plugin 'INNODB_SYS_FOREIGN'
2019-02-16T16:36:16.388737Z 0 [Note] Shutting down plugin 'INNODB_SYS_FIELDS'
2019-02-16T16:36:16.388870Z 0 [Note] Shutting down plugin 'INNODB_SYS_COLUMNS'
2019-02-16T16:36:16.389003Z 0 [Note] Shutting down plugin 'INNODB_SYS_INDEXES'
2019-02-16T16:36:16.389136Z 0 [Note] Shutting down plugin 'INNODB_SYS_TABLESTATS'
2019-02-16T16:36:16.389268Z 0 [Note] Shutting down plugin 'INNODB_SYS_TABLES'
2019-02-16T16:36:16.389400Z 0 [Note] Shutting down plugin 'INNODB_FT_INDEX_TABLE'
2019-02-16T16:36:16.389532Z 0 [Note] Shutting down plugin 'INNODB_FT_INDEX_CACHE'
2019-02-16T16:36:16.389694Z 0 [Note] Shutting down plugin 'INNODB_FT_CONFIG'
2019-02-16T16:36:16.389864Z 0 [Note] Shutting down plugin 'INNODB_FT_BEING_DELETED'
2019-02-16T16:36:16.390014Z 0 [Note] Shutting down plugin 'INNODB_FT_DELETED'
2019-02-16T16:36:16.390162Z 0 [Note] Shutting down plugin 'INNODB_FT_DEFAULT_STOPWORD'
2019-02-16T16:36:16.390302Z 0 [Note] Shutting down plugin 'INNODB_METRICS'
2019-02-16T16:36:16.390445Z 0 [Note] Shutting down plugin 'INNODB_TEMP_TABLE_INFO'
2019-02-16T16:36:16.390600Z 0 [Note] Shutting down plugin 'INNODB_BUFFER_POOL_STATS'
2019-02-16T16:36:16.390768Z 0 [Note] Shutting down plugin 'INNODB_BUFFER_PAGE_LRU'
2019-02-16T16:36:16.390909Z 0 [Note] Shutting down plugin 'INNODB_BUFFER_PAGE'
2019-02-16T16:36:16.391048Z 0 [Note] Shutting down plugin 'INNODB_CMP_PER_INDEX_RESET'
2019-02-16T16:36:16.391184Z 0 [Note] Shutting down plugin 'INNODB_CMP_PER_INDEX'
2019-02-16T16:36:16.391323Z 0 [Note] Shutting down plugin 'INNODB_CMPMEM_RESET'
2019-02-16T16:36:16.391460Z 0 [Note] Shutting down plugin 'INNODB_CMPMEM'
2019-02-16T16:36:16.391647Z 0 [Note] Shutting down plugin 'INNODB_CMP_RESET'
2019-02-16T16:36:16.391788Z 0 [Note] Shutting down plugin 'INNODB_CMP'
2019-02-16T16:36:16.391928Z 0 [Note] Shutting down plugin 'INNODB_LOCK_WAITS'
2019-02-16T16:36:16.392069Z 0 [Note] Shutting down plugin 'INNODB_LOCKS'
2019-02-16T16:36:16.523609Z 0 [Note] Shutting down plugin 'INNODB_TRX'
2019-02-16T16:36:16.531926Z 0 [Note] Shutting down plugin 'InnoDB'
2019-02-16T16:36:16.532489Z 0 [Note] InnoDB: FTS optimize thread exiting.
2019-02-16T16:36:16.533450Z 0 [Note] InnoDB: Starting shutdown...
2019-02-16T16:36:16.634919Z 0 [Note] InnoDB: Dumping buffer pool(s) to /var/lib/mysql/ib_buffer_pool
2019-02-16T16:36:16.637430Z 0 [Note] InnoDB: Buffer pool(s) dump completed at 190216 16:36:16
2019-02-16T16:36:18.285085Z 0 [Note] InnoDB: Shutdown completed; log sequence number 5348896
2019-02-16T16:36:18.290337Z 0 [Note] InnoDB: Removed temporary tablespace data file: "ibtmp1"
2019-02-16T16:36:18.299159Z 0 [Note] Shutting down plugin 'MEMORY'
2019-02-16T16:36:18.299541Z 0 [Note] Shutting down plugin 'CSV'
2019-02-16T16:36:18.300080Z 0 [Note] Shutting down plugin 'sha256_password'
2019-02-16T16:36:18.300579Z 0 [Note] Shutting down plugin 'mysql_native_password'
2019-02-16T16:36:18.301733Z 0 [Note] Shutting down plugin 'binlog'
2019-02-16T16:36:18.304882Z 0 [Note] /usr/sbin/mysqld: Shutdown complete

