[30-Jul-2019 19:27:32] NOTICE: fpm is running, pid 1116
[30-Jul-2019 19:27:32] NOTICE: ready to handle connections
[31-Jul-2019 06:38:11] WARNING: [pool www] server reached pm.max_children setting (5), consider raising it
[31-Jul-2019 13:02:49] NOTICE: fpm is running, pid 642
[31-Jul-2019 13:02:49] NOTICE: ready to handle connections
[31-Jul-2019 14:09:23] WARNING: [pool www] server reached pm.max_children setting (5), consider raising it
[31-Jul-2019 14:10:13] WARNING: [pool www] server reached pm.max_children setting (5), consider raising it
[31-Jul-2019 14:10:43] WARNING: [pool www] server reached pm.max_children setting (5), consider raising it
[31-Jul-2019 18:31:24] NOTICE: fpm is running, pid 599
[31-Jul-2019 18:31:24] NOTICE: ready to handle connections
[01-Aug-2019 12:16:32] NOTICE: fpm is running, pid 751
[01-Aug-2019 12:16:32] NOTICE: ready to handle connections
[01-Aug-2019 17:07:23] NOTICE: Finishing ...
[01-Aug-2019 17:07:23] NOTICE: exiting, bye-bye!
[01-Aug-2019 17:20:23] NOTICE: fpm is running, pid 926
[01-Aug-2019 17:20:23] NOTICE: ready to handle connections
[01-Aug-2019 17:49:19] WARNING: [pool www] server reached pm.max_children setting (5), consider raising it
[01-Aug-2019 17:50:05] WARNING: [pool www] server reached pm.max_children setting (5), consider raising it
[01-Aug-2019 17:51:27] WARNING: [pool www] server reached pm.max_children setting (5), consider raising it
[02-Aug-2019 06:14:54] NOTICE: fpm is running, pid 689
[02-Aug-2019 06:14:54] NOTICE: ready to handle connections
[03-Aug-2019 15:42:57] NOTICE: fpm is running, pid 1052
[03-Aug-2019 15:42:57] NOTICE: ready to handle connections
[04-Aug-2019 05:40:58] NOTICE: fpm is running, pid 729
[04-Aug-2019 05:40:58] NOTICE: ready to handle connections
